<?xml version="1.0" encoding="UTF-8"?>
<!-- Generated by org.testng.reporters.JUnitReportReporter -->
<testsuite hostname="DESKTOP-5HO9OTC" failures="0" tests="1" name="automation.test.TestClass" time="53.717" errors="0" timestamp="2023-03-04T10:12:43 BDT" skipped="0">
  <testcase classname="automation.test.TestClass" name="automationTesting" time="53.717"/>
  <system-out/>
</testsuite> <!-- automation.test.TestClass -->
