<?xml version="1.0" encoding="UTF-8"?>
<!-- Generated by org.testng.reporters.JUnitReportReporter -->
<testsuite hostname="DESKTOP-5HO9OTC" failures="0" tests="1" name="automation.test.TestClass" time="46.577" errors="0" timestamp="2023-03-04T08:35:31 BDT" skipped="0">
  <testcase classname="automation.test.TestClass" name="automationTesting" time="46.577"/>
  <system-out/>
</testsuite> <!-- automation.test.TestClass -->
